#
# A fatal error has been detected by the Java Runtime Environment:
#
#  EXCEPTION_ACCESS_VIOLATION (0xc0000005) at pc=0x000001f04773f971, pid=1388, tid=16852
#
# JRE version: Java(TM) SE Runtime Environment (15.0.1+9) (build 15.0.1+9-18)
# Java VM: Java HotSpot(TM) 64-Bit Server VM (15.0.1+9-18, mixed mode, sharing, tiered, compressed oops, g1 gc, windows-amd64)
# Problematic frame:
# J 1005 c1 java.lang.invoke.LambdaForm.prepare()V java.base@15.0.1 (112 bytes) @ 0x000001f04773f971 [0x000001f04773f7c0+0x00000000000001b1]
#
# No core dump will be written. Minidumps are not enabled by default on client versions of Windows
#
# If you would like to submit a bug report, please visit:
#   https://bugreport.java.com/bugreport/crash.jsp
#

---------------  S U M M A R Y ------------

Command Line: -javaagent:C:\Program Files\JetBrains\IntelliJ IDEA 2020.3.2\lib\idea_rt.jar=7843:C:\Program Files\JetBrains\IntelliJ IDEA 2020.3.2\bin -Dfile.encoding=UTF-8 sk.fri.uniza.App

Host: Intel(R) Core(TM) i5-5200U CPU @ 2.20GHz, 4 cores, 15G,  Windows 10 , 64 bit Build 19041 (10.0.19041.928)
Time: Fri May  7 00:06:05 2021 Stredoeurópsky èas (letný) elapsed time: 2.141828 seconds (0d 0h 0m 2s)

---------------  T H R E A D  ---------------

Current thread (0x000001f03d5a6500):  JavaThread "main" [_thread_in_Java, id=16852, stack(0x000000d46d500000,0x000000d46d600000)]

Stack: [0x000000d46d500000,0x000000d46d600000],  sp=0x000000d46d5fe130,  free space=1016k
Native frames: (J=compiled Java code, j=interpreted, Vv=VM code, C=native code)
C  0x000001f04773f971


siginfo: EXCEPTION_ACCESS_VIOLATION (0xc0000005), reading address 0x00000000000000de


Register to memory mapping:

RIP=0x000001f04773f971 is at entry_point+433 in (nmethod*)0x000001f04773f590
RAX=0x000001f0626de358 is pointing into metadata
RBX=0x000000d46d5fe130 is pointing into the stack for thread: 0x000001f03d5a6500
RCX=0x0 is NULL
RDX=0x00000000000000b6 is an unknown value
RSP=0x000000d46d5fe130 is pointing into the stack for thread: 0x000001f03d5a6500
RBP=0x000000d46d5fe278 is pointing into the stack for thread: 0x000001f03d5a6500
RSI=0x00000000000001c8 is an unknown value
RDI=0x000000000000000d is an unknown value
R8 =0x0 is NULL
R9 =0x000000070148a530 is an oop: java.lang.Class 
{0x000000070148a530} - klass: 'java/lang/Class'
R10=0x00007fffda983168 jvm.dll
R11=0x000001f047743ac0 is at entry_point+32 in (nmethod*)0x000001f047743910
R12=0x0 is NULL
R13=0x000001f04773f96c is at entry_point+428 in (nmethod*)0x000001f04773f590
R14=0x000000d46d5fe128 is pointing into the stack for thread: 0x000001f03d5a6500
R15=0x000001f03d5a6500 is a thread


Registers:
RAX=0x000001f0626de358, RBX=0x000000d46d5fe130, RCX=0x0000000000000000, RDX=0x00000000000000b6
RSP=0x000000d46d5fe130, RBP=0x000000d46d5fe278, RSI=0x00000000000001c8, RDI=0x000000000000000d
R8 =0x0000000000000000, R9 =0x000000070148a530, R10=0x00007fffda983168, R11=0x000001f047743ac0
R12=0x0000000000000000, R13=0x000001f04773f96c, R14=0x000000d46d5fe128, R15=0x000001f03d5a6500
RIP=0x000001f04773f971, EFLAGS=0x0000000000010246

Top of Stack: (sp=0x000000d46d5fe130)
0x000000d46d5fe130:   00000008006d3e91 000001f0000000b6
0x000000d46d5fe140:   00000008000ff5a0 000000d400000000
0x000000d46d5fe150:   000000d46d5fe3d8 000000d46d5fe378
0x000000d46d5fe160:   000001f03d5a6500 0000000710d40298
0x000000d46d5fe170:   00000008006d3e91 0000000000000000
0x000000d46d5fe180:   000001f03d5a6500 0000000000000148
0x000000d46d5fe190:   000000d46d5fe278 000001f04773efe4
0x000000d46d5fe1a0:   00000008001749d0 00000000000000b6
0x000000d46d5fe1b0:   000001f03d5a69e0 00000000000003d8
0x000000d46d5fe1c0:   000000d46d5fe1c0 000000080097c6cd
0x000000d46d5fe1d0:   0000000710d40478 00000008002d7598
0x000000d46d5fe1e0:   0000afe0ed05a858 0000000701417398
0x000000d46d5fe1f0:   000000d46d5fe388 0000000000000003
0x000000d46d5fe200:   000000d46d5fe278 000001f046fea1aa
0x000000d46d5fe210:   000001f046fea1aa 0000000710d40298
0x000000d46d5fe220:   0000000710d3f4c8 0000000710d40478 

Instructions: (pc=0x000001f04773f971)
0x000001f04773f871:   62 f0 01 00 00 48 bf 48 01 00 00 00 00 00 00 0f
0x000001f04773f881:   85 0a 00 00 00 48 bf 58 01 00 00 00 00 00 00 48
0x000001f04773f891:   8b 1c 3e 48 8d 5b 01 48 89 1c 3e 0f 85 1a 00 00
0x000001f04773f8a1:   00 48 be e8 96 58 62 f0 01 00 00 ff 86 68 01 00
0x000001f04773f8b1:   00 be 01 00 00 00 e9 05 00 00 00 be 00 00 00 00
0x000001f04773f8c1:   83 e6 01 83 fe 00 48 be 00 41 73 62 f0 01 00 00
0x000001f04773f8d1:   48 bf a0 01 00 00 00 00 00 00 0f 85 0a 00 00 00
0x000001f04773f8e1:   48 bf b0 01 00 00 00 00 00 00 48 8b 1c 3e 48 8d
0x000001f04773f8f1:   5b 01 48 89 1c 3e 0f 85 74 00 00 00 0f be 72 19
0x000001f04773f901:   83 fe 00 48 be 00 41 73 62 f0 01 00 00 48 bf c0
0x000001f04773f911:   01 00 00 00 00 00 00 0f 85 0a 00 00 00 48 bf d0
0x000001f04773f921:   01 00 00 00 00 00 00 48 8b 1c 3e 48 8d 5b 01 48
0x000001f04773f931:   89 1c 3e 0f 85 37 00 00 00 48 8b f2 48 bf 00 41
0x000001f04773f941:   73 62 f0 01 00 00 49 ba 38 aa 0c 00 08 00 00 00
0x000001f04773f951:   4c 89 97 f0 01 00 00 48 83 87 f8 01 00 00 01 48
0x000001f04773f961:   8b f2 48 8b d6 90 e8 39 06 00 00 48 8b 54 24 78
0x000001f04773f971:   8b 72 28 48 c1 e6 03 48 83 fe 00 48 be 00 41 73
0x000001f04773f981:   62 f0 01 00 00 48 bf 28 02 00 00 00 00 00 00 0f
0x000001f04773f991:   85 0a 00 00 00 48 bf 18 02 00 00 00 00 00 00 48
0x000001f04773f9a1:   8b 1c 3e 48 8d 5b 01 48 89 1c 3e 0f 85 76 04 00
0x000001f04773f9b1:   00 48 8b f2 48 bf 00 41 73 62 f0 01 00 00 49 ba
0x000001f04773f9c1:   38 aa 0c 00 08 00 00 00 4c 89 97 48 02 00 00 48
0x000001f04773f9d1:   83 87 50 02 00 00 01 48 8b f2 48 8b d6 90 e8 1c
0x000001f04773f9e1:   cd 8e ff 48 89 44 24 40 48 3b 00 48 8b d0 48 be
0x000001f04773f9f1:   00 41 73 62 f0 01 00 00 48 83 86 70 02 00 00 01
0x000001f04773fa01:   8b 50 14 48 c1 e2 03 48 3b 02 48 8b f2 48 bf 00
0x000001f04773fa11:   41 73 62 f0 01 00 00 48 83 87 a8 02 00 00 01 48
0x000001f04773fa21:   be a0 61 73 62 f0 01 00 00 8b be 04 01 00 00 83
0x000001f04773fa31:   c7 02 89 be 04 01 00 00 81 e7 fe ff 1f 00 83 ff
0x000001f04773fa41:   00 0f 84 3c 04 00 00 8b 52 1c 48 c1 e2 03 8b 72
0x000001f04773fa51:   0c 83 fe 06 0f 86 4f 04 00 00 8b 52 28 48 c1 e2
0x000001f04773fa61:   03 48 83 fa 00 48 be a0 61 73 62 f0 01 00 00 48 


Stack slot to memory mapping:
stack at sp + 0 slots: 0x00000008006d3e91 is pointing into metadata
stack at sp + 1 slots: 0x000001f0000000b6 is an unknown value
stack at sp + 2 slots: {method} {0x00000008000ff5a8} 'dropArguments0' '(Ljava/lang/invoke/MethodHandle;ILjava/util/List;)Ljava/lang/invoke/MethodHandle;' in 'java/lang/invoke/MethodHandles'
stack at sp + 3 slots: 0x000000d400000000 is an unknown value
stack at sp + 4 slots: 0x000000d46d5fe3d8 is pointing into the stack for thread: 0x000001f03d5a6500
stack at sp + 5 slots: 0x000000d46d5fe378 is pointing into the stack for thread: 0x000001f03d5a6500
stack at sp + 6 slots: 0x000001f03d5a6500 is a thread
stack at sp + 7 slots: 0x0000000710d40298 is an oop: java.lang.invoke.LambdaForm 
{0x0000000710d40298} - klass: 'java/lang/invoke/LambdaForm'

--------------------------------------------------------------------------------
[Constant Pool (empty)]

--------------------------------------------------------------------------------

[MachCode]
  0x000001f04773f7c0: 448b 5208 | 49c1 e203 | 49bb 0000 | 0000 0800 | 0000 4d03 | d34c 3bd0 | 0f85 22cc | 8eff 6690 
  0x000001f04773f7e0: 8984 2400 | 90ff ff55 | 4883 ec60 | 4889 5424 | 3848 be00 | 4173 62f0 | 0100 008b | be04 0100 
  0x000001f04773f800: 0083 c702 | 89be 0401 | 0000 81e7 | fe07 0000 | 83ff 000f | 841f 0600 | 0048 be00 | 4173 62f0 
  0x000001f04773f820: 0100 00ff | 8658 0100 | 0048 8bf2 | 48bf 0041 | 7362 f001 | 0000 4883 | 8768 0100 | 0001 48be 
  0x000001f04773f840: e896 5862 | f001 0000 | 8bbe 0401 | 0000 83c7 | 0289 be04 | 0100 0081 | e7fe ff1f | 0083 ff00 
  0x000001f04773f860: 0f84 f305 | 0000 8b72 | 1483 feff | 48be e896 | 5862 f001 | 0000 48bf | 4801 0000 | 0000 0000 
  0x000001f04773f880: 0f85 0a00 | 0000 48bf | 5801 0000 | 0000 0000 | 488b 1c3e | 488d 5b01 | 4889 1c3e | 0f85 1a00 
  0x000001f04773f8a0: 0000 48be | e896 5862 | f001 0000 | ff86 6801 | 0000 be01 | 0000 00e9 | 0500 0000 | be00 0000 
  0x000001f04773f8c0: 0083 e601 | 83fe 0048 | be00 4173 | 62f0 0100 | 0048 bfa0 | 0100 0000 | 0000 000f | 850a 0000 
  0x000001f04773f8e0: 0048 bfb0 | 0100 0000 | 0000 0048 | 8b1c 3e48 | 8d5b 0148 | 891c 3e0f | 8574 0000 | 000f be72 
  0x000001f04773f900: 1983 fe00 | 48be 0041 | 7362 f001 | 0000 48bf | c001 0000 | 0000 0000 | 0f85 0a00 | 0000 48bf 
  0x000001f04773f920: d001 0000 | 0000 0000 | 488b 1c3e | 488d 5b01 | 4889 1c3e | 0f85 3700 | 0000 488b | f248 bf00 
  0x000001f04773f940: 4173 62f0 | 0100 0049 | ba38 aa0c | 0008 0000 | 004c 8997 | f001 0000 | 4883 87f8 | 0100 0001 
  0x000001f04773f960: 488b f248 | 8bd6 90e8 | 3906 0000 | 488b 5424 | 788b 7228 | 48c1 e603 | 4883 fe00 | 48be 0041 
  0x000001f04773f980: 7362 f001 | 0000 48bf | 2802 0000 | 0000 0000 | 0f85 0a00 | 0000 48bf | 1802 0000 | 0000 0000 
  0x000001f04773f9a0: 488b 1c3e | 488d 5b01 | 4889 1c3e | 0f85 7604 | 0000 488b | f248 bf00 | 4173 62f0 | 0100 0049 
  0x000001f04773f9c0: ba38 aa0c | 0008 0000 | 004c 8997 | 4802 0000 | 4883 8750 | 0200 0001 | 488b f248 | 8bd6 90e8 
  0x000001f04773f9e0: 1ccd 8eff | 4889 4424 | 4048 3b00 | 488b d048 | be00 4173 | 62f0 0100 | 0048 8386 | 7002 0000 
  0x000001f04773fa00: 018b 5014 | 48c1 e203 | 483b 0248 | 8bf2 48bf | 0041 7362 | f001 0000 | 4883 87a8 | 0200 0001 
  0x000001f04773fa20: 48be a061 | 7362 f001 | 0000 8bbe | 0401 0000 | 83c7 0289 | be04 0100 | 0081 e7fe | ff1f 0083 
  0x000001f04773fa40: ff00 0f84 | 3c04 0000 | 8b52 1c48 | c1e2 038b | 720c 83fe | 060f 864f | 0400 008b | 5228 48c1 
  0x000001f04773fa60: e203 4883 | fa00 48be | a061 7362 | f001 0000 | 48bf 4801 | 0000 0000 | 0000 0f84 | 0a00 0000 
  0x000001f04773fa80: 48bf 5801 | 0000 0000 | 0000 488b | 1c3e 488d | 5b01 4889 | 1c3e 0f84 | be01 0000 | 483b 0248 
  0x000001f04773faa0: 8bf2 48bf | a061 7362 | f001 0000 | 8b76 0848 | c1e6 0349 | ba00 0000 | 0008 0000 | 0049 03f2 
  0x000001f04773fac0: 483b b778 | 0100 0075 | 0d48 8387 | 8001 0000 | 01e9 6600 | 0000 483b | b788 0100 | 0075 0d48 
  0x000001f04773fae0: 8387 9001 | 0000 01e9 | 5000 0000 | 4881 bf78 | 0100 0000 | 0000 0075 | 1748 89b7 | 7801 0000 
  0x000001f04773fb00: 48c7 8780 | 0100 0001 | 0000 00e9 | 2c00 0000 | 4881 bf88 | 0100 0000 | 0000 0075 | 1748 89b7 
  0x000001f04773fb20: 8801 0000 | 48c7 8790 | 0100 0001 | 0000 00e9 | 0800 0000 | 4883 8768 | 0100 0001 | 9048 b8ff 
  0x000001f04773fb40: ffff ffff | ffff ffe8 | b4ce 8eff | 4883 f800 | 7516 48bf | a061 7362 | f001 0000 | 808f 9901 
  0x000001f04773fb60: 0000 01e9 | da00 0000 | 48ba 38aa | 0c00 0800 | 0000 8b70 | 0848 c1e6 | 0349 ba00 | 0000 0008 
  0x000001f04773fb80: 0000 0049 | 03f2 483b | d60f 8597 | 0000 0048 | bfa0 6173 | 62f0 0100 | 008b 5008 | 48c1 e203 
  0x000001f04773fba0: 49ba 0000 | 0000 0800 | 0000 4903 | d248 3b97 | b001 0000 | 750d 4883 | 87b8 0100 | 0001 e97f 
  0x000001f04773fbc0: 0000 0048 | 3b97 c001 | 0000 750d | 4883 87c8 | 0100 0001 | e969 0000 | 0048 81bf | b001 0000 
  0x000001f04773fbe0: 0000 0000 | 7517 4889 | 97b0 0100 | 0048 c787 | b801 0000 | 0100 0000 | e945 0000 | 0048 81bf 
  0x000001f04773fc00: c001 0000 | 0000 0000 | 7517 4889 | 97c0 0100 | 0048 c787 | c801 0000 | 0100 0000 | e921 0000 
  0x000001f04773fc20: 00e9 1c00 | 0000 48bf | a061 7362 | f001 0000 | 4883 afa0 | 0100 0001 | e984 0200 | 00e9 0000 
  0x000001f04773fc40: 0000 488b | d048 bea0 | 6173 62f0 | 0100 00ff | 86d8 0100 | 00e9 0a00 | 0000 48ba | 0000 0000 
  0x000001f04773fc60: 0000 0000 | 4883 fa00 | 48be 0041 | 7362 f001 | 0000 48bf | e002 0000 | 0000 0000 | 0f85 0a00 
  0x000001f04773fc80: 0000 48bf | f002 0000 | 0000 0000 | 488b 043e | 488d 4001 | 4889 043e | 0f85 4101 | 0000 48ba 
  0x000001f04773fca0: 0041 7362 | f001 0000 | ff82 0003 | 0000 488b | 4424 4048 | ba38 aa0c | 0008 0000 | 0048 8bd8 
  0x000001f04773fcc0: 498b 8720 | 0100 0048 | 8d78 3049 | 3bbf 3001 | 0000 0f87 | f201 0000 | 4989 bf20 | 0100 0048 
  0x000001f04773fce0: c700 0100 | 0000 488b | ca49 ba00 | 0000 0008 | 0000 0049 | 2bca 48c1 | e903 8948 | 0848 33c9 
  0x000001f04773fd00: 8948 0c48 | 33c9 4889 | 4810 4889 | 4818 4889 | 4820 4889 | 4828 4c8b | c048 ba00 | 4173 62f0 
  0x000001f04773fd20: 0100 0048 | 8382 9803 | 0000 014c | 8bc3 488b | d048 8944 | 2448 90e8 | c4c9 8eff | 48ba 0041 
  0x000001f04773fd40: 7362 f001 | 0000 4883 | 82a8 0300 | 0001 488b | 5424 400f | 1f40 00e8 | a4cf 8eff | 450f be47 
  0x000001f04773fd60: 3041 83f8 | 004c 8b4c | 2448 0f85 | 6701 0000 | 4c8b d049 | c1ea 0345 | 8951 284d | 8bc1 4c33 
  0x000001f04773fd80: c049 c1e8 | 1549 83f8 | 000f 8568 | 0100 0048 | 8b44 2440 | 49b8 0041 | 7362 f001 | 0000 4983 
  0x000001f04773fda0: 80b8 0300 | 0001 488b | 4424 408b | 5014 48c1 | e203 483b | 024c 8bc2 | 48be 0041 | 7362 f001 
  0x000001f04773fdc0: 0000 4883 | 86f0 0300 | 0001 41b8 | 0600 0000 | 0f1f 8000 | 0000 00e8 | 24c9 8eff | 488b d048 
  0x000001f04773fde0: 8b74 2438 | 8b7a 2848 | c1e7 0341 | 0fbe 5f30 | 83fb 000f | 8520 0100 | 004c 8bd7 | 49c1 ea03 
  0x000001f04773fe00: 4489 5628 | 488b d648 | 33d7 48c1 | ea15 4883 | fa00 0f85 | 2001 0000 | 4883 c460 | 5d4d 8b97 
  0x000001f04773fe20: 1001 0000 | 4185 02c3 | 4883 c460 | 5d4d 8b97 | 1001 0000 | 4185 02c3 | 49ba 40d0 | 0c00 0800 
  0x000001f04773fe40: 0000 4c89 | 5424 0848 | c704 24ff | ffff ffe8 | 2cfa 99ff | e9c0 f9ff | ff49 ba18 | e10c 0008 
  0x000001f04773fe60: 0000 004c | 8954 2408 | 48c7 0424 | ffff ffff | e80b fa99 | ffe9 ecf9 | ffff e821 | a999 ffe8 
  0x000001f04773fe80: 1ca9 99ff | 49ba 980d | 1700 0800 | 0000 4c89 | 5424 0848 | c704 24ff | ffff ffe8 | e0f9 99ff 
  0x000001f04773fea0: e9a3 fbff | ffe8 f6a8 | 99ff 48c7 | 0424 0600 | 0000 4889 | 5424 08e8 | e49f 99ff | e8df a899 
  0x000001f04773fec0: ff48 8904 | 24e8 d6cc | 99ff 488b | d2e8 aeb1 | 99ff e93f | feff ff45 | 8b41 2849 | c1e0 0349 
  0x000001f04773fee0: 83f8 000f | 8487 feff | ff4c 8904 | 24e8 8eff | 99ff e979 | feff ff48 | 83f8 000f | 848e feff 
  0x000001f04773ff00: ff4c 890c | 24e8 7602 | 9aff e980 | feff ffe8 | 8ca8 99ff | e887 a899 | ff8b 5e28 | 48c1 e303 
  0x000001f04773ff20: 4883 fb00 | 0f84 cffe | ffff 4889 | 1c24 e84d | ff99 ffe9 | c1fe ffff | 4883 ff00 | 0f84 d6fe 
  0x000001f04773ff40: ffff 4889 | 3424 e835 | 029a ffe9 | c8fe ffff | 9090 498b | 8700 0400 | 0049 ba00 | 0000 0000 
  0x000001f04773ff60: 0000 004d | 8997 0004 | 0000 49ba | 0000 0000 | 0000 0000 | 4d89 9708 | 0400 0048 | 83c4 605d 
  0x000001f04773ff80: e97b c890 | fff4 f4f4 | f4f4 f4f4 | f4f4 f4f4 | f4f4 f4f4 | f4f4 f4f4 | f4f4 f4f4 | f4f4 f4f4 
  0x000001f04773ffa0: 0f1f 4400 | 0048 bb90 | cf0c 0008 | 0000 00e9 | 29d7 8eff | 9048 bb00 | 0000 0000 | 0000 00e9 
  0x000001f04773ffc0: fbff ffff | 9048 bb00 | 0000 0000 | 0000 00e9 | fbff ffff | 9048 bb00 | 0000 0000 | 0000 00e9 
  0x000001f04773ffe0: fbff ffff | 9048 bb00 | 0000 0000 | 0000 00e9 | fbff ffff | 9048 bb00 | 0000 0000 | 0000 00e9 
  0x000001f047740000: fbff ffff | e877 c599 | ff48 b9e0 | ea75 daff | 7f00 0048 | 83e4 f049 | baa0 ae46 | daff 7f00 
  0x000001f047740020: 0041 ffd2 | f449 ba25 | 0074 47f0 | 0100 0041 | 52e9 6adf | 8eff f4f4 
[/MachCode]
--------------------------------------------------------------------------------


---------------  P R O C E S S  ---------------

Threads class SMR info:
_java_thread_list=0x000001f0637a5b50, length=14, elements={
0x000001f03d5a6500, 0x000001f06238ddd0, 0x000001f06238e9a0, 0x000001f0623a6e00,
0x000001f0623aa8d0, 0x000001f0623ab380, 0x000001f0623ac210, 0x000001f0623acdb0,
0x000001f0623ae6e0, 0x000001f062db47f0, 0x000001f062f02390, 0x000001f062f02860,
0x000001f0636b65e0, 0x000001f06366ee50
}

Java Threads: ( => current thread )
=>0x000001f03d5a6500 JavaThread "main" [_thread_in_Java, id=16852, stack(0x000000d46d500000,0x000000d46d600000)]
  0x000001f06238ddd0 JavaThread "Reference Handler" daemon [_thread_blocked, id=11968, stack(0x000000d46dc00000,0x000000d46dd00000)]
  0x000001f06238e9a0 JavaThread "Finalizer" daemon [_thread_blocked, id=20108, stack(0x000000d46dd00000,0x000000d46de00000)]
  0x000001f0623a6e00 JavaThread "Signal Dispatcher" daemon [_thread_blocked, id=8232, stack(0x000000d46de00000,0x000000d46df00000)]
  0x000001f0623aa8d0 JavaThread "Attach Listener" daemon [_thread_blocked, id=24224, stack(0x000000d46df00000,0x000000d46e000000)]
  0x000001f0623ab380 JavaThread "Service Thread" daemon [_thread_blocked, id=21192, stack(0x000000d46e000000,0x000000d46e100000)]
  0x000001f0623ac210 JavaThread "C2 CompilerThread0" daemon [_thread_blocked, id=19584, stack(0x000000d46e100000,0x000000d46e200000)]
  0x000001f0623acdb0 JavaThread "C1 CompilerThread0" daemon [_thread_blocked, id=15268, stack(0x000000d46e200000,0x000000d46e300000)]
  0x000001f0623ae6e0 JavaThread "Sweeper thread" daemon [_thread_blocked, id=9112, stack(0x000000d46e300000,0x000000d46e400000)]
  0x000001f062db47f0 JavaThread "Common-Cleaner" daemon [_thread_blocked, id=14620, stack(0x000000d46e400000,0x000000d46e500000)]
  0x000001f062f02390 JavaThread "Monitor Ctrl-Break" daemon [_thread_in_native, id=22588, stack(0x000000d46e500000,0x000000d46e600000)]
  0x000001f062f02860 JavaThread "Notification Thread" daemon [_thread_blocked, id=11528, stack(0x000000d46e600000,0x000000d46e700000)]
  0x000001f0636b65e0 JavaThread "OkHttp ConnectionPool" daemon [_thread_blocked, id=13868, stack(0x000000d46ed00000,0x000000d46ee00000)]
  0x000001f06366ee50 JavaThread "Okio Watchdog" daemon [_thread_blocked, id=10364, stack(0x000000d46ee00000,0x000000d46ef00000)]

Other Threads:
  0x000001f0623899a0 VMThread "VM Thread" [stack: 0x000000d46db00000,0x000000d46dc00000] [id=22460]
  0x000001f03d5a76b0 WatcherThread [stack: 0x000000d46e700000,0x000000d46e800000] [id=21020]
  0x000001f03d5f61d0 GCTaskThread "GC Thread#0" [stack: 0x000000d46d600000,0x000000d46d700000] [id=19532]
  0x000001f063012cd0 GCTaskThread "GC Thread#1" [stack: 0x000000d46e800000,0x000000d46e900000] [id=22764]
  0x000001f063013000 GCTaskThread "GC Thread#2" [stack: 0x000000d46e900000,0x000000d46ea00000] [id=14456]
  0x000001f0630129a0 GCTaskThread "GC Thread#3" [stack: 0x000000d46ea00000,0x000000d46eb00000] [id=21752]
  0x000001f03d6081f0 ConcurrentGCThread "G1 Main Marker" [stack: 0x000000d46d700000,0x000000d46d800000] [id=3280]
  0x000001f03d608de0 ConcurrentGCThread "G1 Conc#0" [stack: 0x000000d46d800000,0x000000d46d900000] [id=18012]
  0x000001f0622120c0 ConcurrentGCThread "G1 Refine#0" [stack: 0x000000d46d900000,0x000000d46da00000] [id=16676]
  0x000001f062212cc0 ConcurrentGCThread "G1 Young RemSet Sampling" [stack: 0x000000d46da00000,0x000000d46db00000] [id=20892]

Threads with active compile tasks:

VM state: not at safepoint (normal execution)

VM Mutex/Monitor currently owned by a thread: None

Heap address: 0x0000000701400000, size: 4076 MB, Compressed Oops mode: Zero based, Oop shift amount: 3
CDS archive(s) mapped at: [0x0000000800000000-0x0000000800b50000-0x0000000800b50000), size 11862016, SharedBaseAddress: 0x0000000800000000, ArchiveRelocationMode: 0.
Compressed class space mapped at: 0x0000000800b50000-0x0000000840b50000, size: 1073741824
Narrow klass base: 0x0000000800000000, Narrow klass shift: 3, Narrow klass range: 0x100000000

GC Precious Log:
 CPUs: 4 total, 4 available
 Memory: 16297M
 Large Page Support: Disabled
 NUMA Support: Disabled
 Compressed Oops: Enabled (Zero based)
 Heap Region Size: 2M
 Heap Min Capacity: 8M
 Heap Initial Capacity: 256M
 Heap Max Capacity: 4076M
 Pre-touch: Disabled
 Parallel Workers: 4
 Concurrent Workers: 1
 Concurrent Refinement Workers: 4
 Periodic GC: Disabled

Heap:
 garbage-first heap   total 262144K, used 10458K [0x0000000701400000, 0x0000000800000000)
  region size 2048K, 5 young (10240K), 1 survivors (2048K)
 Metaspace       used 10802K, capacity 11022K, committed 11264K, reserved 1058816K
  class space    used 1096K, capacity 1172K, committed 1280K, reserved 1048576K

Heap Regions: E=young(eden), S=young(survivor), O=old, HS=humongous(starts), HC=humongous(continues), CS=collection set, F=free, OA=open archive, CA=closed archive, TAMS=top-at-mark-start (previous, next)
|   0|0x0000000701400000, 0x0000000701600000, 0x0000000701600000|100%| O|  |TAMS 0x0000000701400000, 0x0000000701400000| Untracked 
|   1|0x0000000701600000, 0x0000000701636808, 0x0000000701800000| 10%| O|  |TAMS 0x0000000701600000, 0x0000000701600000| Untracked 
|   2|0x0000000701800000, 0x0000000701800000, 0x0000000701a00000|  0%| F|  |TAMS 0x0000000701800000, 0x0000000701800000| Untracked 
|   3|0x0000000701a00000, 0x0000000701a00000, 0x0000000701c00000|  0%| F|  |TAMS 0x0000000701a00000, 0x0000000701a00000| Untracked 
|   4|0x0000000701c00000, 0x0000000701c00000, 0x0000000701e00000|  0%| F|  |TAMS 0x0000000701c00000, 0x0000000701c00000| Untracked 
|   5|0x0000000701e00000, 0x0000000701e00000, 0x0000000702000000|  0%| F|  |TAMS 0x0000000701e00000, 0x0000000701e00000| Untracked 
|   6|0x0000000702000000, 0x0000000702000000, 0x0000000702200000|  0%| F|  |TAMS 0x0000000702000000, 0x0000000702000000| Untracked 
|   7|0x0000000702200000, 0x0000000702200000, 0x0000000702400000|  0%| F|  |TAMS 0x0000000702200000, 0x0000000702200000| Untracked 
|   8|0x0000000702400000, 0x0000000702400000, 0x0000000702600000|  0%| F|  |TAMS 0x0000000702400000, 0x0000000702400000| Untracked 
|   9|0x0000000702600000, 0x0000000702600000, 0x0000000702800000|  0%| F|  |TAMS 0x0000000702600000, 0x0000000702600000| Untracked 
|  10|0x0000000702800000, 0x0000000702800000, 0x0000000702a00000|  0%| F|  |TAMS 0x0000000702800000, 0x0000000702800000| Untracked 
|  11|0x0000000702a00000, 0x0000000702a00000, 0x0000000702c00000|  0%| F|  |TAMS 0x0000000702a00000, 0x0000000702a00000| Untracked 
|  12|0x0000000702c00000, 0x0000000702c00000, 0x0000000702e00000|  0%| F|  |TAMS 0x0000000702c00000, 0x0000000702c00000| Untracked 
|  13|0x0000000702e00000, 0x0000000702e00000, 0x0000000703000000|  0%| F|  |TAMS 0x0000000702e00000, 0x0000000702e00000| Untracked 
|  14|0x0000000703000000, 0x0000000703000000, 0x0000000703200000|  0%| F|  |TAMS 0x0000000703000000, 0x0000000703000000| Untracked 
|  15|0x0000000703200000, 0x0000000703200000, 0x0000000703400000|  0%| F|  |TAMS 0x0000000703200000, 0x0000000703200000| Untracked 
|  16|0x0000000703400000, 0x0000000703400000, 0x0000000703600000|  0%| F|  |TAMS 0x0000000703400000, 0x0000000703400000| Untracked 
|  17|0x0000000703600000, 0x0000000703600000, 0x0000000703800000|  0%| F|  |TAMS 0x0000000703600000, 0x0000000703600000| Untracked 
|  18|0x0000000703800000, 0x0000000703800000, 0x0000000703a00000|  0%| F|  |TAMS 0x0000000703800000, 0x0000000703800000| Untracked 
|  19|0x0000000703a00000, 0x0000000703a00000, 0x0000000703c00000|  0%| F|  |TAMS 0x0000000703a00000, 0x0000000703a00000| Untracked 
|  20|0x0000000703c00000, 0x0000000703c00000, 0x0000000703e00000|  0%| F|  |TAMS 0x0000000703c00000, 0x0000000703c00000| Untracked 
|  21|0x0000000703e00000, 0x0000000703e00000, 0x0000000704000000|  0%| F|  |TAMS 0x0000000703e00000, 0x0000000703e00000| Untracked 
|  22|0x0000000704000000, 0x0000000704000000, 0x0000000704200000|  0%| F|  |TAMS 0x0000000704000000, 0x0000000704000000| Untracked 
|  23|0x0000000704200000, 0x0000000704200000, 0x0000000704400000|  0%| F|  |TAMS 0x0000000704200000, 0x0000000704200000| Untracked 
|  24|0x0000000704400000, 0x0000000704400000, 0x0000000704600000|  0%| F|  |TAMS 0x0000000704400000, 0x0000000704400000| Untracked 
|  25|0x0000000704600000, 0x0000000704600000, 0x0000000704800000|  0%| F|  |TAMS 0x0000000704600000, 0x0000000704600000| Untracked 
|  26|0x0000000704800000, 0x0000000704800000, 0x0000000704a00000|  0%| F|  |TAMS 0x0000000704800000, 0x0000000704800000| Untracked 
|  27|0x0000000704a00000, 0x0000000704a00000, 0x0000000704c00000|  0%| F|  |TAMS 0x0000000704a00000, 0x0000000704a00000| Untracked 
|  28|0x0000000704c00000, 0x0000000704c00000, 0x0000000704e00000|  0%| F|  |TAMS 0x0000000704c00000, 0x0000000704c00000| Untracked 
|  29|0x0000000704e00000, 0x0000000704e00000, 0x0000000705000000|  0%| F|  |TAMS 0x0000000704e00000, 0x0000000704e00000| Untracked 
|  30|0x0000000705000000, 0x0000000705000000, 0x0000000705200000|  0%| F|  |TAMS 0x0000000705000000, 0x0000000705000000| Untracked 
|  31|0x0000000705200000, 0x0000000705200000, 0x0000000705400000|  0%| F|  |TAMS 0x0000000705200000, 0x0000000705200000| Untracked 
|  32|0x0000000705400000, 0x0000000705400000, 0x0000000705600000|  0%| F|  |TAMS 0x0000000705400000, 0x0000000705400000| Untracked 
|  33|0x0000000705600000, 0x0000000705600000, 0x0000000705800000|  0%| F|  |TAMS 0x0000000705600000, 0x0000000705600000| Untracked 
|  34|0x0000000705800000, 0x0000000705800000, 0x0000000705a00000|  0%| F|  |TAMS 0x0000000705800000, 0x0000000705800000| Untracked 
|  35|0x0000000705a00000, 0x0000000705a00000, 0x0000000705c00000|  0%| F|  |TAMS 0x0000000705a00000, 0x0000000705a00000| Untracked 
|  36|0x0000000705c00000, 0x0000000705c00000, 0x0000000705e00000|  0%| F|  |TAMS 0x0000000705c00000, 0x0000000705c00000| Untracked 
|  37|0x0000000705e00000, 0x0000000705e00000, 0x0000000706000000|  0%| F|  |TAMS 0x0000000705e00000, 0x0000000705e00000| Untracked 
|  38|0x0000000706000000, 0x0000000706000000, 0x0000000706200000|  0%| F|  |TAMS 0x0000000706000000, 0x0000000706000000| Untracked 
|  39|0x0000000706200000, 0x0000000706200000, 0x0000000706400000|  0%| F|  |TAMS 0x0000000706200000, 0x0000000706200000| Untracked 
|  40|0x0000000706400000, 0x0000000706400000, 0x0000000706600000|  0%| F|  |TAMS 0x0000000706400000, 0x0000000706400000| Untracked 
|  41|0x0000000706600000, 0x0000000706600000, 0x0000000706800000|  0%| F|  |TAMS 0x0000000706600000, 0x0000000706600000| Untracked 
|  42|0x0000000706800000, 0x0000000706800000, 0x0000000706a00000|  0%| F|  |TAMS 0x0000000706800000, 0x0000000706800000| Untracked 
|  43|0x0000000706a00000, 0x0000000706a00000, 0x0000000706c00000|  0%| F|  |TAMS 0x0000000706a00000, 0x0000000706a00000| Untracked 
|  44|0x0000000706c00000, 0x0000000706c00000, 0x0000000706e00000|  0%| F|  |TAMS 0x0000000706c00000, 0x0000000706c00000| Untracked 
|  45|0x0000000706e00000, 0x0000000706e00000, 0x0000000707000000|  0%| F|  |TAMS 0x0000000706e00000, 0x0000000706e00000| Untracked 
|  46|0x0000000707000000, 0x0000000707000000, 0x0000000707200000|  0%| F|  |TAMS 0x0000000707000000, 0x0000000707000000| Untracked 
|  47|0x0000000707200000, 0x0000000707200000, 0x0000000707400000|  0%| F|  |TAMS 0x0000000707200000, 0x0000000707200000| Untracked 
|  48|0x0000000707400000, 0x0000000707400000, 0x0000000707600000|  0%| F|  |TAMS 0x0000000707400000, 0x0000000707400000| Untracked 
|  49|0x0000000707600000, 0x0000000707600000, 0x0000000707800000|  0%| F|  |TAMS 0x0000000707600000, 0x0000000707600000| Untracked 
|  50|0x0000000707800000, 0x0000000707800000, 0x0000000707a00000|  0%| F|  |TAMS 0x0000000707800000, 0x0000000707800000| Untracked 
|  51|0x0000000707a00000, 0x0000000707a00000, 0x0000000707c00000|  0%| F|  |TAMS 0x0000000707a00000, 0x0000000707a00000| Untracked 
|  52|0x0000000707c00000, 0x0000000707c00000, 0x0000000707e00000|  0%| F|  |TAMS 0x0000000707c00000, 0x0000000707c00000| Untracked 
|  53|0x0000000707e00000, 0x0000000707e00000, 0x0000000708000000|  0%| F|  |TAMS 0x0000000707e00000, 0x0000000707e00000| Untracked 
|  54|0x0000000708000000, 0x0000000708000000, 0x0000000708200000|  0%| F|  |TAMS 0x0000000708000000, 0x0000000708000000| Untracked 
|  55|0x0000000708200000, 0x0000000708200000, 0x0000000708400000|  0%| F|  |TAMS 0x0000000708200000, 0x0000000708200000| Untracked 
|  56|0x0000000708400000, 0x0000000708400000, 0x0000000708600000|  0%| F|  |TAMS 0x0000000708400000, 0x0000000708400000| Untracked 
|  57|0x0000000708600000, 0x0000000708600000, 0x0000000708800000|  0%| F|  |TAMS 0x0000000708600000, 0x0000000708600000| Untracked 
|  58|0x0000000708800000, 0x0000000708800000, 0x0000000708a00000|  0%| F|  |TAMS 0x0000000708800000, 0x0000000708800000| Untracked 
|  59|0x0000000708a00000, 0x0000000708a00000, 0x0000000708c00000|  0%| F|  |TAMS 0x0000000708a00000, 0x0000000708a00000| Untracked 
|  60|0x0000000708c00000, 0x0000000708c00000, 0x0000000708e00000|  0%| F|  |TAMS 0x0000000708c00000, 0x0000000708c00000| Untracked 
|  61|0x0000000708e00000, 0x0000000708e00000, 0x0000000709000000|  0%| F|  |TAMS 0x0000000708e00000, 0x0000000708e00000| Untracked 
|  62|0x0000000709000000, 0x0000000709000000, 0x0000000709200000|  0%| F|  |TAMS 0x0000000709000000, 0x0000000709000000| Untracked 
|  63|0x0000000709200000, 0x0000000709200000, 0x0000000709400000|  0%| F|  |TAMS 0x0000000709200000, 0x0000000709200000| Untracked 
|  64|0x0000000709400000, 0x0000000709400000, 0x0000000709600000|  0%| F|  |TAMS 0x0000000709400000, 0x0000000709400000| Untracked 
|  65|0x0000000709600000, 0x0000000709600000, 0x0000000709800000|  0%| F|  |TAMS 0x0000000709600000, 0x0000000709600000| Untracked 
|  66|0x0000000709800000, 0x0000000709800000, 0x0000000709a00000|  0%| F|  |TAMS 0x0000000709800000, 0x0000000709800000| Untracked 
|  67|0x0000000709a00000, 0x0000000709a00000, 0x0000000709c00000|  0%| F|  |TAMS 0x0000000709a00000, 0x0000000709a00000| Untracked 
|  68|0x0000000709c00000, 0x0000000709c00000, 0x0000000709e00000|  0%| F|  |TAMS 0x0000000709c00000, 0x0000000709c00000| Untracked 
|  69|0x0000000709e00000, 0x0000000709e00000, 0x000000070a000000|  0%| F|  |TAMS 0x0000000709e00000, 0x0000000709e00000| Untracked 
|  70|0x000000070a000000, 0x000000070a000000, 0x000000070a200000|  0%| F|  |TAMS 0x000000070a000000, 0x000000070a000000| Untracked 
|  71|0x000000070a200000, 0x000000070a200000, 0x000000070a400000|  0%| F|  |TAMS 0x000000070a200000, 0x000000070a200000| Untracked 
|  72|0x000000070a400000, 0x000000070a400000, 0x000000070a600000|  0%| F|  |TAMS 0x000000070a400000, 0x000000070a400000| Untracked 
|  73|0x000000070a600000, 0x000000070a600000, 0x000000070a800000|  0%| F|  |TAMS 0x000000070a600000, 0x000000070a600000| Untracked 
|  74|0x000000070a800000, 0x000000070a800000, 0x000000070aa00000|  0%| F|  |TAMS 0x000000070a800000, 0x000000070a800000| Untracked 
|  75|0x000000070aa00000, 0x000000070aa00000, 0x000000070ac00000|  0%| F|  |TAMS 0x000000070aa00000, 0x000000070aa00000| Untracked 
|  76|0x000000070ac00000, 0x000000070ac00000, 0x000000070ae00000|  0%| F|  |TAMS 0x000000070ac00000, 0x000000070ac00000| Untracked 
|  77|0x000000070ae00000, 0x000000070ae00000, 0x000000070b000000|  0%| F|  |TAMS 0x000000070ae00000, 0x000000070ae00000| Untracked 
|  78|0x000000070b000000, 0x000000070b000000, 0x000000070b200000|  0%| F|  |TAMS 0x000000070b000000, 0x000000070b000000| Untracked 
|  79|0x000000070b200000, 0x000000070b200000, 0x000000070b400000|  0%| F|  |TAMS 0x000000070b200000, 0x000000070b200000| Untracked 
|  80|0x000000070b400000, 0x000000070b400000, 0x000000070b600000|  0%| F|  |TAMS 0x000000070b400000, 0x000000070b400000| Untracked 
|  81|0x000000070b600000, 0x000000070b600000, 0x000000070b800000|  0%| F|  |TAMS 0x000000070b600000, 0x000000070b600000| Untracked 
|  82|0x000000070b800000, 0x000000070b800000, 0x000000070ba00000|  0%| F|  |TAMS 0x000000070b800000, 0x000000070b800000| Untracked 
|  83|0x000000070ba00000, 0x000000070ba00000, 0x000000070bc00000|  0%| F|  |TAMS 0x000000070ba00000, 0x000000070ba00000| Untracked 
|  84|0x000000070bc00000, 0x000000070bc00000, 0x000000070be00000|  0%| F|  |TAMS 0x000000070bc00000, 0x000000070bc00000| Untracked 
|  85|0x000000070be00000, 0x000000070be00000, 0x000000070c000000|  0%| F|  |TAMS 0x000000070be00000, 0x000000070be00000| Untracked 
|  86|0x000000070c000000, 0x000000070c000000, 0x000000070c200000|  0%| F|  |TAMS 0x000000070c000000, 0x000000070c000000| Untracked 
|  87|0x000000070c200000, 0x000000070c200000, 0x000000070c400000|  0%| F|  |TAMS 0x000000070c200000, 0x000000070c200000| Untracked 
|  88|0x000000070c400000, 0x000000070c400000, 0x000000070c600000|  0%| F|  |TAMS 0x000000070c400000, 0x000000070c400000| Untracked 
|  89|0x000000070c600000, 0x000000070c600000, 0x000000070c800000|  0%| F|  |TAMS 0x000000070c600000, 0x000000070c600000| Untracked 
|  90|0x000000070c800000, 0x000000070c800000, 0x000000070ca00000|  0%| F|  |TAMS 0x000000070c800000, 0x000000070c800000| Untracked 
|  91|0x000000070ca00000, 0x000000070ca00000, 0x000000070cc00000|  0%| F|  |TAMS 0x000000070ca00000, 0x000000070ca00000| Untracked 
|  92|0x000000070cc00000, 0x000000070cc00000, 0x000000070ce00000|  0%| F|  |TAMS 0x000000070cc00000, 0x000000070cc00000| Untracked 
|  93|0x000000070ce00000, 0x000000070ce00000, 0x000000070d000000|  0%| F|  |TAMS 0x000000070ce00000, 0x000000070ce00000| Untracked 
|  94|0x000000070d000000, 0x000000070d000000, 0x000000070d200000|  0%| F|  |TAMS 0x000000070d000000, 0x000000070d000000| Untracked 
|  95|0x000000070d200000, 0x000000070d200000, 0x000000070d400000|  0%| F|  |TAMS 0x000000070d200000, 0x000000070d200000| Untracked 
|  96|0x000000070d400000, 0x000000070d400000, 0x000000070d600000|  0%| F|  |TAMS 0x000000070d400000, 0x000000070d400000| Untracked 
|  97|0x000000070d600000, 0x000000070d600000, 0x000000070d800000|  0%| F|  |TAMS 0x000000070d600000, 0x000000070d600000| Untracked 
|  98|0x000000070d800000, 0x000000070d800000, 0x000000070da00000|  0%| F|  |TAMS 0x000000070d800000, 0x000000070d800000| Untracked 
|  99|0x000000070da00000, 0x000000070da00000, 0x000000070dc00000|  0%| F|  |TAMS 0x000000070da00000, 0x000000070da00000| Untracked 
| 100|0x000000070dc00000, 0x000000070dc00000, 0x000000070de00000|  0%| F|  |TAMS 0x000000070dc00000, 0x000000070dc00000| Untracked 
| 101|0x000000070de00000, 0x000000070de00000, 0x000000070e000000|  0%| F|  |TAMS 0x000000070de00000, 0x000000070de00000| Untracked 
| 102|0x000000070e000000, 0x000000070e000000, 0x000000070e200000|  0%| F|  |TAMS 0x000000070e000000, 0x000000070e000000| Untracked 
| 103|0x000000070e200000, 0x000000070e200000, 0x000000070e400000|  0%| F|  |TAMS 0x000000070e200000, 0x000000070e200000| Untracked 
| 104|0x000000070e400000, 0x000000070e400000, 0x000000070e600000|  0%| F|  |TAMS 0x000000070e400000, 0x000000070e400000| Untracked 
| 105|0x000000070e600000, 0x000000070e600000, 0x000000070e800000|  0%| F|  |TAMS 0x000000070e600000, 0x000000070e600000| Untracked 
| 106|0x000000070e800000, 0x000000070e800000, 0x000000070ea00000|  0%| F|  |TAMS 0x000000070e800000, 0x000000070e800000| Untracked 
| 107|0x000000070ea00000, 0x000000070ea00000, 0x000000070ec00000|  0%| F|  |TAMS 0x000000070ea00000, 0x000000070ea00000| Untracked 
| 108|0x000000070ec00000, 0x000000070ec00000, 0x000000070ee00000|  0%| F|  |TAMS 0x000000070ec00000, 0x000000070ec00000| Untracked 
| 109|0x000000070ee00000, 0x000000070ee00000, 0x000000070f000000|  0%| F|  |TAMS 0x000000070ee00000, 0x000000070ee00000| Untracked 
| 110|0x000000070f000000, 0x000000070f000000, 0x000000070f200000|  0%| F|  |TAMS 0x000000070f000000, 0x000000070f000000| Untracked 
| 111|0x000000070f200000, 0x000000070f200000, 0x000000070f400000|  0%| F|  |TAMS 0x000000070f200000, 0x000000070f200000| Untracked 
| 112|0x000000070f400000, 0x000000070f400000, 0x000000070f600000|  0%| F|  |TAMS 0x000000070f400000, 0x000000070f400000| Untracked 
| 113|0x000000070f600000, 0x000000070f600000, 0x000000070f800000|  0%| F|  |TAMS 0x000000070f600000, 0x000000070f600000| Untracked 
| 114|0x000000070f800000, 0x000000070f800000, 0x000000070fa00000|  0%| F|  |TAMS 0x000000070f800000, 0x000000070f800000| Untracked 
| 115|0x000000070fa00000, 0x000000070fa00000, 0x000000070fc00000|  0%| F|  |TAMS 0x000000070fa00000, 0x000000070fa00000| Untracked 
| 116|0x000000070fc00000, 0x000000070fc00000, 0x000000070fe00000|  0%| F|  |TAMS 0x000000070fc00000, 0x000000070fc00000| Untracked 
| 117|0x000000070fe00000, 0x000000070fe00000, 0x0000000710000000|  0%| F|  |TAMS 0x000000070fe00000, 0x000000070fe00000| Untracked 
| 118|0x0000000710000000, 0x0000000710000000, 0x0000000710200000|  0%| F|  |TAMS 0x0000000710000000, 0x0000000710000000| Untracked 
| 119|0x0000000710200000, 0x0000000710200000, 0x0000000710400000|  0%| F|  |TAMS 0x0000000710200000, 0x0000000710200000| Untracked 
| 120|0x0000000710400000, 0x0000000710600000, 0x0000000710600000|100%| S|CS|TAMS 0x0000000710400000, 0x0000000710400000| Complete 
| 121|0x0000000710600000, 0x0000000710600000, 0x0000000710800000|  0%| F|  |TAMS 0x0000000710600000, 0x0000000710600000| Untracked 
| 122|0x0000000710800000, 0x0000000710800000, 0x0000000710a00000|  0%| F|  |TAMS 0x0000000710800000, 0x0000000710800000| Untracked 
| 123|0x0000000710a00000, 0x0000000710a00000, 0x0000000710c00000|  0%| F|  |TAMS 0x0000000710a00000, 0x0000000710a00000| Untracked 
| 124|0x0000000710c00000, 0x0000000710d64400, 0x0000000710e00000| 69%| E|  |TAMS 0x0000000710c00000, 0x0000000710c00000| Complete 
| 125|0x0000000710e00000, 0x0000000711000000, 0x0000000711000000|100%| E|CS|TAMS 0x0000000710e00000, 0x0000000710e00000| Complete 
| 126|0x0000000711000000, 0x0000000711200000, 0x0000000711200000|100%| E|CS|TAMS 0x0000000711000000, 0x0000000711000000| Complete 
| 127|0x0000000711200000, 0x0000000711400000, 0x0000000711400000|100%| E|CS|TAMS 0x0000000711200000, 0x0000000711200000| Complete 

Card table byte_map: [0x000001f056e10000,0x000001f057610000] _byte_map_base: 0x000001f053606000

Marking Bits (Prev, Next): (CMBitMap*) 0x000001f03d5f79d0, (CMBitMap*) 0x000001f03d5f7a10
 Prev Bits: [0x000001f057e10000, 0x000001f05bdc0000)
 Next Bits: [0x000001f05bdc0000, 0x000001f05fd70000)

Polling page: 0x000001f03d400000

Metaspace:

Usage:
  Non-class:      9.62 MB capacity,     9.48 MB ( 99%) used,   134.39 KB (  1%) free+waste,     9.81 KB ( <1%) overhead. 
      Class:      1.14 MB capacity,     1.07 MB ( 94%) used,    71.62 KB (  6%) free+waste,     4.00 KB ( <1%) overhead. 
       Both:     10.76 MB capacity,    10.55 MB ( 98%) used,   206.01 KB (  2%) free+waste,    13.81 KB ( <1%) overhead. 

Virtual space:
  Non-class space:       10.00 MB reserved,       9.75 MB ( 98%) committed 
      Class space:        1.00 GB reserved,       1.25 MB ( <1%) committed 
             Both:        1.01 GB reserved,      11.00 MB (  1%) committed 

Chunk freelists:
   Non-Class:  6.00 KB
       Class:  12.00 KB
        Both:  18.00 KB

MaxMetaspaceSize: 17179869184.00 GB
CompressedClassSpaceSize: 1.00 GB

CodeHeap 'non-profiled nmethods': size=120000Kb used=443Kb max_used=443Kb free=119557Kb
 bounds [0x000001f04eab0000, 0x000001f04ed20000, 0x000001f055fe0000]
CodeHeap 'profiled nmethods': size=120000Kb used=2534Kb max_used=2534Kb free=117465Kb
 bounds [0x000001f047580000, 0x000001f047800000, 0x000001f04eab0000]
CodeHeap 'non-nmethods': size=5760Kb used=1199Kb max_used=1216Kb free=4560Kb
 bounds [0x000001f046fe0000, 0x000001f047250000, 0x000001f047580000]
 total_blobs=1828 nmethods=1363 adapters=378
 compilation: enabled
              stopped_count=0, restarted_count=0
 full_count=0

Compilation events (20 events):
Event: 2.055 Thread 0x000001f0623ac210 1352       4       java.util.concurrent.ConcurrentHashMap::spread (10 bytes)
Event: 2.056 Thread 0x000001f0623ac210 nmethod 1352 0x000001f04eb1d690 code [0x000001f04eb1d800, 0x000001f04eb1d858]
Event: 2.061 Thread 0x000001f0623acdb0 1353       1       com.fasterxml.jackson.databind.JavaType::getRawClass (5 bytes)
Event: 2.061 Thread 0x000001f0623acdb0 nmethod 1353 0x000001f04eb1d990 code [0x000001f04eb1db20, 0x000001f04eb1dbd8]
Event: 2.066 Thread 0x000001f0623ac210 1354       4       java.io.WinNTFileSystem::normalize (143 bytes)
Event: 2.070 Thread 0x000001f0623ac210 nmethod 1354 0x000001f04eb1dc90 code [0x000001f04eb1de40, 0x000001f04eb1e0e8]
Event: 2.079 Thread 0x000001f0623acdb0 1355       3       java.lang.ClassLoader::getDefinedPackage (36 bytes)
Event: 2.079 Thread 0x000001f0623acdb0 nmethod 1355 0x000001f0477f7390 code [0x000001f0477f7580, 0x000001f0477f7b88]
Event: 2.080 Thread 0x000001f0623acdb0 1356       3       com.fasterxml.jackson.databind.AnnotationIntrospector::_findAnnotation (6 bytes)
Event: 2.081 Thread 0x000001f0623acdb0 nmethod 1356 0x000001f0477f7d90 code [0x000001f0477f7f40, 0x000001f0477f8108]
Event: 2.082 Thread 0x000001f0623acdb0 1357       3       java.nio.MappedByteBuffer::rewind (5 bytes)
Event: 2.082 Thread 0x000001f0623acdb0 nmethod 1357 0x000001f0477f8210 code [0x000001f0477f83c0, 0x000001f0477f85f8]
Event: 2.082 Thread 0x000001f0623acdb0 1358       3       java.nio.MappedByteBuffer::rewind (7 bytes)
Event: 2.082 Thread 0x000001f0623acdb0 nmethod 1358 0x000001f0477f8710 code [0x000001f0477f88c0, 0x000001f0477f8a98]
Event: 2.135 Thread 0x000001f0623acdb0 1362       3       java.lang.invoke.LambdaForm::parameter (52 bytes)
Event: 2.135 Thread 0x000001f0623acdb0 nmethod 1362 0x000001f0477f8b90 code [0x000001f0477f8d20, 0x000001f0477f8e78]
Event: 2.135 Thread 0x000001f0623acdb0 1363       3       java.lang.invoke.LambdaForm::parameterType (9 bytes)
Event: 2.135 Thread 0x000001f0623acdb0 nmethod 1363 0x000001f0477f8f90 code [0x000001f0477f9140, 0x000001f0477f9288]
Event: 2.135 Thread 0x000001f0623acdb0 1364       3       java.lang.invoke.LambdaForm::internArgument (85 bytes)
Event: 2.136 Thread 0x000001f0623acdb0 nmethod 1364 0x000001f0477f9390 code [0x000001f0477f9560, 0x000001f0477f9888]

GC Heap History (4 events):
Event: 0.860 GC heap before
{Heap before GC invocations=0 (full 0):
 garbage-first heap   total 262144K, used 12288K [0x0000000701400000, 0x0000000800000000)
  region size 2048K, 6 young (12288K), 0 survivors (0K)
 Metaspace       used 3842K, capacity 6861K, committed 7040K, reserved 1056768K
  class space    used 342K, capacity 623K, committed 640K, reserved 1048576K
}
Event: 0.865 GC heap after
{Heap after GC invocations=1 (full 0):
 garbage-first heap   total 262144K, used 2379K [0x0000000701400000, 0x0000000800000000)
  region size 2048K, 1 young (2048K), 1 survivors (2048K)
 Metaspace       used 3842K, capacity 6861K, committed 7040K, reserved 1056768K
  class space    used 342K, capacity 623K, committed 640K, reserved 1048576K
}
Event: 1.463 GC heap before
{Heap before GC invocations=1 (full 0):
 garbage-first heap   total 262144K, used 14667K [0x0000000701400000, 0x0000000800000000)
  region size 2048K, 7 young (14336K), 1 survivors (2048K)
 Metaspace       used 8368K, capacity 8540K, committed 8576K, reserved 1056768K
  class space    used 823K, capacity 879K, committed 896K, reserved 1048576K
}
Event: 1.469 GC heap after
{Heap after GC invocations=2 (full 0):
 garbage-first heap   total 262144K, used 4314K [0x0000000701400000, 0x0000000800000000)
  region size 2048K, 1 young (2048K), 1 survivors (2048K)
 Metaspace       used 8368K, capacity 8540K, committed 8576K, reserved 1056768K
  class space    used 823K, capacity 879K, committed 896K, reserved 1048576K
}

Deoptimization events (20 events):
Event: 1.756 Thread 0x000001f03d5a6500 Uncommon trap: trap_request=0xffffffde fr.pc=0x000001f04eae6050 relative=0x0000000000000e30
Event: 1.756 Thread 0x000001f03d5a6500 Uncommon trap: reason=class_check action=maybe_recompile pc=0x000001f04eae6050 method=java.util.concurrent.ConcurrentHashMap.putVal(Ljava/lang/Object;Ljava/lang/Object;Z)Ljava/lang/Object; @ 159 c2
Event: 1.756 Thread 0x000001f03d5a6500 DEOPT PACKING pc=0x000001f04eae6050 sp=0x000000d46d5fe800
Event: 1.756 Thread 0x000001f03d5a6500 DEOPT UNPACKING pc=0x000001f04702e42f sp=0x000000d46d5fe780 mode 2
Event: 1.780 Thread 0x000001f03d5a6500 Uncommon trap: trap_request=0xffffffde fr.pc=0x000001f04eae6158 relative=0x0000000000000f38
Event: 1.780 Thread 0x000001f03d5a6500 Uncommon trap: reason=class_check action=maybe_recompile pc=0x000001f04eae6158 method=java.util.concurrent.ConcurrentHashMap.putVal(Ljava/lang/Object;Ljava/lang/Object;Z)Ljava/lang/Object; @ 242 c2
Event: 1.780 Thread 0x000001f03d5a6500 DEOPT PACKING pc=0x000001f04eae6158 sp=0x000000d46d5feb80
Event: 1.780 Thread 0x000001f03d5a6500 DEOPT UNPACKING pc=0x000001f04702e42f sp=0x000000d46d5feaf0 mode 2
Event: 1.791 Thread 0x000001f03d5a6500 DEOPT PACKING pc=0x000001f0475f15a0 sp=0x000000d46d5fe210
Event: 1.791 Thread 0x000001f03d5a6500 DEOPT UNPACKING pc=0x000001f04702e23f sp=0x000000d46d5fd728 mode 0
Event: 1.818 Thread 0x000001f03d5a6500 Uncommon trap: trap_request=0xffffff45 fr.pc=0x000001f04eae85f0 relative=0x00000000000000d0
Event: 1.818 Thread 0x000001f03d5a6500 Uncommon trap: reason=unstable_if action=reinterpret pc=0x000001f04eae85f0 method=java.lang.CharacterDataLatin1.digit(II)I @ 12 c2
Event: 1.818 Thread 0x000001f03d5a6500 DEOPT PACKING pc=0x000001f04eae85f0 sp=0x000000d46d5fe860
Event: 1.818 Thread 0x000001f03d5a6500 DEOPT UNPACKING pc=0x000001f04702e42f sp=0x000000d46d5fe718 mode 2
Event: 1.819 Thread 0x000001f03d5a6500 Uncommon trap: trap_request=0xffffff45 fr.pc=0x000001f04eae60bc relative=0x0000000000000e9c
Event: 1.819 Thread 0x000001f03d5a6500 Uncommon trap: reason=unstable_if action=reinterpret pc=0x000001f04eae60bc method=java.util.concurrent.ConcurrentHashMap.putVal(Ljava/lang/Object;Ljava/lang/Object;Z)Ljava/lang/Object; @ 148 c2
Event: 1.819 Thread 0x000001f03d5a6500 DEOPT PACKING pc=0x000001f04eae60bc sp=0x000000d46d5fe660
Event: 1.819 Thread 0x000001f03d5a6500 DEOPT UNPACKING pc=0x000001f04702e42f sp=0x000000d46d5fe5e0 mode 2
Event: 1.982 Thread 0x000001f03d5a6500 DEOPT PACKING pc=0x000001f04769e7c7 sp=0x000000d46d5fd510
Event: 1.982 Thread 0x000001f03d5a6500 DEOPT UNPACKING pc=0x000001f04702e23f sp=0x000000d46d5fc960 mode 0

Classes unloaded (0 events):
No events

Classes redefined (0 events):
No events

Internal exceptions (20 events):
Event: 0.424 Thread 0x000001f062f02390 Exception <a 'java/lang/NoSuchMethodError'{0x0000000711046a60}: 'void java.lang.invoke.DirectMethodHandle$Holder.invokeStatic(java.lang.Object, java.lang.Object)'> (0x0000000711046a60) 
thrown [./open/src/hotspot/share/interpreter/linkResolver.cpp, line 782]
Event: 0.482 Thread 0x000001f03d5a6500 Exception <a 'java/lang/NoSuchMethodError'{0x000000071112ad70}: 'int java.lang.invoke.DirectMethodHandle$Holder.invokeSpecial(java.lang.Object, java.lang.Object, java.lang.Object)'> (0x000000071112ad70) 
thrown [./open/src/hotspot/share/interpreter/linkResolver.cpp, line 782]
Event: 1.001 Thread 0x000001f03d5a6500 Exception <a 'java/lang/NoSuchMethodError'{0x00000007111a4a68}: 'int java.lang.invoke.DirectMethodHandle$Holder.invokeStaticInit(java.lang.Object, java.lang.Object, java.lang.Object)'> (0x00000007111a4a68) 
thrown [./open/src/hotspot/share/interpreter/linkResolver.cpp, line 782]
Event: 1.023 Thread 0x000001f03d5a6500 Exception <a 'java/lang/NoSuchMethodError'{0x00000007111f5a00}: 'java.lang.Object java.lang.invoke.DirectMethodHandle$Holder.invokeStaticInit(java.lang.Object, java.lang.Object, java.lang.Object)'> (0x00000007111f5a00) 
thrown [./open/src/hotspot/share/interpreter/linkResolver.cpp, line 782]
Event: 1.029 Thread 0x000001f03d5a6500 Exception <a 'java/lang/NoSuchMethodError'{0x0000000710e08198}: 'java.lang.Object java.lang.invoke.DirectMethodHandle$Holder.invokeStatic(java.lang.Object, java.lang.Object, int, java.lang.Object)'> (0x0000000710e08198) 
thrown [./open/src/hotspot/share/interpreter/linkResolver.cpp, line 782]
Event: 1.033 Thread 0x000001f03d5a6500 Exception <a 'java/lang/NoSuchMethodError'{0x0000000710e0ef18}: 'java.lang.Object java.lang.invoke.DirectMethodHandle$Holder.newInvokeSpecial(java.lang.Object, java.lang.Object, int)'> (0x0000000710e0ef18) 
thrown [./open/src/hotspot/share/interpreter/linkResolver.cpp, line 782]
Event: 1.070 Thread 0x000001f03d5a6500 Exception <a 'java/lang/NoSuchMethodError'{0x0000000710e39448}: 'void java.lang.invoke.DirectMethodHandle$Holder.invokeStaticInit(java.lang.Object, java.lang.Object)'> (0x0000000710e39448) 
thrown [./open/src/hotspot/share/interpreter/linkResolver.cpp, line 782]
Event: 1.089 Thread 0x000001f03d5a6500 Exception <a 'java/lang/NoSuchMethodError'{0x0000000710e6a768}: 'void java.lang.invoke.DirectMethodHandle$Holder.invokeSpecial(java.lang.Object, java.lang.Object, java.lang.Object)'> (0x0000000710e6a768) 
thrown [./open/src/hotspot/share/interpreter/linkResolver.cpp, line 782]
Event: 1.279 Thread 0x000001f03d5a6500 Exception <a 'java/lang/NoClassDefFoundError'{0x0000000710b72a40}: android/os/Build$VERSION> (0x0000000710b72a40) 
thrown [./open/src/hotspot/share/classfile/systemDictionary.cpp, line 284]
Event: 1.279 Thread 0x000001f03d5a6500 Exception <a 'java/lang/NoClassDefFoundError'{0x0000000710b72d50}: android/os/Build$VERSION> (0x0000000710b72d50) 
thrown [./open/src/hotspot/share/oops/constantPool.cpp, line 804]
Event: 1.330 Thread 0x000001f03d5a6500 Exception <a 'java/lang/NoSuchMethodError'{0x0000000710802bf8}: 'java.lang.Object java.lang.invoke.DirectMethodHandle$Holder.invokeStaticInit(java.lang.Object, int, int, int, int)'> (0x0000000710802bf8) 
thrown [./open/src/hotspot/share/interpreter/linkResolver.cpp, line 782]
Event: 1.333 Thread 0x000001f03d5a6500 Exception <a 'sun/nio/fs/WindowsException'{0x0000000710809440}> (0x0000000710809440) 
thrown [./open/src/hotspot/share/prims/jni.cpp, line 578]
Event: 1.355 Thread 0x000001f03d5a6500 Exception <a 'java/lang/NoSuchMethodError'{0x0000000710836710}: 'int java.lang.invoke.DirectMethodHandle$Holder.invokeStaticInit(java.lang.Object, java.lang.Object, java.lang.Object, java.lang.Object)'> (0x0000000710836710) 
thrown [./open/src/hotspot/share/interpreter/linkResolver.cpp, line 782]
Event: 1.358 Thread 0x000001f03d5a6500 Exception <a 'java/lang/NoSuchMethodError'{0x0000000710840790}: 'java.lang.Object java.lang.invoke.DirectMethodHandle$Holder.invokeInterface(java.lang.Object, java.lang.Object)'> (0x0000000710840790) 
thrown [./open/src/hotspot/share/interpreter/linkResolver.cpp, line 782]
Event: 1.358 Thread 0x000001f03d5a6500 Exception <a 'java/lang/IncompatibleClassChangeError'{0x0000000710844188}: Found class java.lang.Object, but interface was expected> (0x0000000710844188) 
thrown [./open/src/hotspot/share/interpreter/linkResolver.cpp, line 848]
Event: 1.360 Thread 0x000001f03d5a6500 Exception <a 'java/lang/NoSuchMethodError'{0x0000000710849ba0}: 'int java.lang.invoke.DirectMethodHandle$Holder.invokeStaticInit(java.lang.Object, java.lang.Object)'> (0x0000000710849ba0) 
thrown [./open/src/hotspot/share/interpreter/linkResolver.cpp, line 782]
Event: 1.625 Thread 0x000001f03d5a6500 Exception <a 'java/lang/NoSuchMethodError'{0x000000071137f1c0}: 'java.lang.Object java.lang.invoke.DirectMethodHandle$Holder.invokeStaticInit(java.lang.Object, java.lang.Object, int, int, int, int)'> (0x000000071137f1c0) 
thrown [./open/src/hotspot/share/interpreter/linkResolver.cpp, line 782]
Event: 1.739 Thread 0x000001f03d5a6500 Exception <a 'java/lang/NoClassDefFoundError'{0x00000007110fd450}: kotlin/Unit> (0x00000007110fd450) 
thrown [./open/src/hotspot/share/classfile/systemDictionary.cpp, line 284]
Event: 2.009 Thread 0x000001f03d5a6500 Exception <a 'java/lang/NoSuchMethodError'{0x0000000710c1ca68}: 'java.lang.Object java.lang.invoke.DirectMethodHandle$Holder.newInvokeSpecial(java.lang.Object, java.lang.Object, java.lang.Object, java.lang.Object, java.lang.Object)'> (0x0000000710c1ca68) 
thrown [./open/src/hotspot/share/interpreter/linkResolver.cpp, line 782]
Event: 2.136 Thread 0x000001f03d5a6500 Implicit null exception at 0x000001f04773f971 to 0x0000000000000000

Events (20 events):
Event: 1.848 loading class java/util/concurrent/ThreadPoolExecutor$Worker done
Event: 1.848 loading class java/lang/Thread$State
Event: 1.848 loading class java/lang/Thread$State done
Event: 1.849 Thread 0x000001f0636b65e0 Thread added: 0x000001f0636b65e0
Event: 1.853 Thread 0x000001f06366ee50 Thread added: 0x000001f06366ee50
Event: 1.949 Thread 0x000001f06322ca40 Thread exited: 0x000001f06322ca40
Event: 1.958 loading class java/util/concurrent/atomic/AtomicReferenceArray
Event: 1.958 loading class java/util/concurrent/atomic/AtomicReferenceArray done
Event: 1.970 Executing VM operation: HandshakeAllThreads
Event: 1.970 Executing VM operation: HandshakeAllThreads done
Event: 1.983 loading class org/w3c/dom/Node
Event: 1.983 loading class org/w3c/dom/Node done
Event: 1.983 loading class org/w3c/dom/Document
Event: 1.983 loading class org/w3c/dom/Document done
Event: 2.007 loading class java/lang/annotation/ElementType
Event: 2.007 loading class java/lang/annotation/ElementType done
Event: 2.037 loading class java/lang/NoSuchFieldError
Event: 2.037 loading class java/lang/NoSuchFieldError done
Event: 2.132 loading class java/util/zip/DataFormatException
Event: 2.132 loading class java/util/zip/DataFormatException done


Dynamic libraries:
0x00007ff7040b0000 - 0x00007ff7040bf000 	C:\Program Files\Java\jdk-15.0.1\bin\java.exe
0x00007ff83fc70000 - 0x00007ff83fe65000 	C:\WINDOWS\SYSTEM32\ntdll.dll
0x00007ff83fb70000 - 0x00007ff83fc2d000 	C:\WINDOWS\System32\KERNEL32.DLL
0x00007ff83d980000 - 0x00007ff83dc48000 	C:\WINDOWS\System32\KERNELBASE.dll
0x00007ff83d880000 - 0x00007ff83d980000 	C:\WINDOWS\System32\ucrtbase.dll
0x00007ff8314d0000 - 0x00007ff8314e9000 	C:\Program Files\Java\jdk-15.0.1\bin\VCRUNTIME140.dll
0x00007ff82c300000 - 0x00007ff82c318000 	C:\Program Files\Java\jdk-15.0.1\bin\jli.dll
0x00007ff83dcd0000 - 0x00007ff83dd7c000 	C:\WINDOWS\System32\ADVAPI32.dll
0x00007ff83eaa0000 - 0x00007ff83eb3e000 	C:\WINDOWS\System32\msvcrt.dll
0x00007ff83de00000 - 0x00007ff83de9b000 	C:\WINDOWS\System32\sechost.dll
0x00007ff83e0a0000 - 0x00007ff83e1cb000 	C:\WINDOWS\System32\RPCRT4.dll
0x00007ff83e1d0000 - 0x00007ff83e370000 	C:\WINDOWS\System32\USER32.dll
0x00007ff83d3b0000 - 0x00007ff83d3d2000 	C:\WINDOWS\System32\win32u.dll
0x00007ff83f390000 - 0x00007ff83f3ba000 	C:\WINDOWS\System32\GDI32.dll
0x00007ff83d770000 - 0x00007ff83d87b000 	C:\WINDOWS\System32\gdi32full.dll
0x00007ff83d4c0000 - 0x00007ff83d55d000 	C:\WINDOWS\System32\msvcp_win.dll
0x00007ff828450000 - 0x00007ff8286ea000 	C:\WINDOWS\WinSxS\amd64_microsoft.windows.common-controls_6595b64144ccf1df_6.0.19041.844_none_ca00b6081b84eb1d\COMCTL32.dll
0x00007ff830310000 - 0x00007ff83031a000 	C:\WINDOWS\SYSTEM32\VERSION.dll
0x00007ff83ebb0000 - 0x00007ff83ebe0000 	C:\WINDOWS\System32\IMM32.DLL
0x00007ff835450000 - 0x00007ff83545c000 	C:\Program Files\Java\jdk-15.0.1\bin\vcruntime140_1.dll
0x00007ff81e170000 - 0x00007ff81e201000 	C:\Program Files\Java\jdk-15.0.1\bin\msvcp140.dll
0x00007fffd9f00000 - 0x00007fffdaa5e000 	C:\Program Files\Java\jdk-15.0.1\bin\server\jvm.dll
0x00007ff83f4f0000 - 0x00007ff83f4f8000 	C:\WINDOWS\System32\PSAPI.DLL
0x00007ff823810000 - 0x00007ff823819000 	C:\WINDOWS\SYSTEM32\WSOCK32.dll
0x00007ff837810000 - 0x00007ff837837000 	C:\WINDOWS\SYSTEM32\WINMM.dll
0x00007ff83eb40000 - 0x00007ff83ebab000 	C:\WINDOWS\System32\WS2_32.dll
0x00007ff83bc90000 - 0x00007ff83bca2000 	C:\WINDOWS\SYSTEM32\kernel.appcore.dll
0x00007ff8239d0000 - 0x00007ff8239da000 	C:\Program Files\Java\jdk-15.0.1\bin\jimage.dll
0x00007ff838160000 - 0x00007ff838344000 	C:\WINDOWS\SYSTEM32\DBGHELP.DLL
0x00007ff832da0000 - 0x00007ff832dcc000 	C:\WINDOWS\SYSTEM32\dbgcore.DLL
0x00007ff83d3e0000 - 0x00007ff83d460000 	C:\WINDOWS\System32\bcryptPrimitives.dll
0x00007ff823940000 - 0x00007ff82394e000 	C:\Program Files\Java\jdk-15.0.1\bin\instrument.dll
0x00007ff81e370000 - 0x00007ff81e395000 	C:\Program Files\Java\jdk-15.0.1\bin\java.dll
0x00007ff83ec40000 - 0x00007ff83f382000 	C:\WINDOWS\System32\SHELL32.dll
0x00007ff83aa70000 - 0x00007ff83b201000 	C:\WINDOWS\SYSTEM32\windows.storage.dll
0x00007ff83f5f0000 - 0x00007ff83f945000 	C:\WINDOWS\System32\combase.dll
0x00007ff83ce20000 - 0x00007ff83ce4c000 	C:\WINDOWS\SYSTEM32\Wldp.dll
0x00007ff83f3c0000 - 0x00007ff83f46e000 	C:\WINDOWS\System32\SHCORE.dll
0x00007ff83fb10000 - 0x00007ff83fb65000 	C:\WINDOWS\System32\shlwapi.dll
0x00007ff83d2f0000 - 0x00007ff83d30f000 	C:\WINDOWS\SYSTEM32\profapi.dll
0x00007ff81e2e0000 - 0x00007ff81e2f8000 	C:\Program Files\Java\jdk-15.0.1\bin\zip.dll
0x00007ff81e4f0000 - 0x00007ff81e509000 	C:\Program Files\Java\jdk-15.0.1\bin\net.dll
0x00007ff82f200000 - 0x00007ff82f30b000 	C:\WINDOWS\SYSTEM32\WINHTTP.dll
0x00007ff83cb70000 - 0x00007ff83cbda000 	C:\WINDOWS\system32\mswsock.dll
0x00007ff81e4b0000 - 0x00007ff81e4c2000 	C:\Program Files\Java\jdk-15.0.1\bin\nio.dll
0x00007ff81e150000 - 0x00007ff81e16a000 	C:\Program Files\JetBrains\IntelliJ IDEA 2020.3.2\bin\breakgen64.dll
0x00007ff81dc00000 - 0x00007ff81dc0d000 	C:\Program Files\Java\jdk-15.0.1\bin\sunmscapi.dll
0x00007ff83d560000 - 0x00007ff83d6bf000 	C:\WINDOWS\System32\CRYPT32.dll
0x00007ff83ce90000 - 0x00007ff83ceb7000 	C:\WINDOWS\SYSTEM32\ncrypt.dll
0x00007ff83ce50000 - 0x00007ff83ce8b000 	C:\WINDOWS\SYSTEM32\NTASN1.dll
0x00007ff83cd60000 - 0x00007ff83cd78000 	C:\WINDOWS\SYSTEM32\CRYPTSP.dll
0x00007ff83c420000 - 0x00007ff83c454000 	C:\WINDOWS\system32\rsaenh.dll
0x00007ff83dca0000 - 0x00007ff83dcc7000 	C:\WINDOWS\System32\bcrypt.dll
0x00007ff83d2b0000 - 0x00007ff83d2de000 	C:\WINDOWS\SYSTEM32\USERENV.dll
0x00007ff83cd80000 - 0x00007ff83cd8c000 	C:\WINDOWS\SYSTEM32\CRYPTBASE.dll
0x00007ff83c7e0000 - 0x00007ff83c81b000 	C:\WINDOWS\SYSTEM32\IPHLPAPI.DLL
0x00007ff83e090000 - 0x00007ff83e098000 	C:\WINDOWS\System32\NSI.dll
0x00007ff8338d0000 - 0x00007ff8338e7000 	C:\WINDOWS\SYSTEM32\dhcpcsvc6.DLL
0x00007ff833230000 - 0x00007ff83324d000 	C:\WINDOWS\SYSTEM32\dhcpcsvc.DLL
0x00007ff83c830000 - 0x00007ff83c8fc000 	C:\WINDOWS\SYSTEM32\DNSAPI.dll
0x00007ff82ed50000 - 0x00007ff82ed5a000 	C:\Windows\System32\rasadhlp.dll
0x00007ff82e9b0000 - 0x00007ff82ea2f000 	C:\WINDOWS\System32\fwpuclnt.dll

dbghelp: loaded successfully - version: 4.0.5 - missing functions: none
symbol engine: initialized successfully - sym options: 0x614 - pdb path: .;C:\Program Files\Java\jdk-15.0.1\bin;C:\WINDOWS\SYSTEM32;C:\WINDOWS\WinSxS\amd64_microsoft.windows.common-controls_6595b64144ccf1df_6.0.19041.844_none_ca00b6081b84eb1d;C:\Program Files\Java\jdk-15.0.1\bin\server;C:\Program Files\JetBrains\IntelliJ IDEA 2020.3.2\bin

VM Arguments:
jvm_args: -javaagent:C:\Program Files\JetBrains\IntelliJ IDEA 2020.3.2\lib\idea_rt.jar=7843:C:\Program Files\JetBrains\IntelliJ IDEA 2020.3.2\bin -Dfile.encoding=UTF-8 
java_command: sk.fri.uniza.App
java_class_path (initial): C:\Users\admin\IdeaProjects\Zadanie_prenos_dat_X\target\classes;C:\Users\admin\.m2\repository\com\squareup\retrofit2\converter-jackson\2.8.1\converter-jackson-2.8.1.jar;C:\Users\admin\.m2\repository\com\fasterxml\jackson\core\jackson-databind\2.10.1\jackson-databind-2.10.1.jar;C:\Users\admin\.m2\repository\com\fasterxml\jackson\core\jackson-annotations\2.10.1\jackson-annotations-2.10.1.jar;C:\Users\admin\.m2\repository\com\fasterxml\jackson\core\jackson-core\2.10.1\jackson-core-2.10.1.jar;C:\Users\admin\.m2\repository\com\squareup\retrofit2\retrofit\2.8.1\retrofit-2.8.1.jar;C:\Users\admin\.m2\repository\com\squareup\okhttp3\okhttp\3.14.7\okhttp-3.14.7.jar;C:\Users\admin\.m2\repository\com\squareup\okio\okio\1.17.2\okio-1.17.2.jar;C:\Users\admin\.m2\repository\commons-lang\commons-lang\2.6\commons-lang-2.6.jar
Launcher Type: SUN_STANDARD

[Global flags]
     intx CICompilerCount                          = 3                                         {product} {ergonomic}
     uint ConcGCThreads                            = 1                                         {product} {ergonomic}
     uint G1ConcRefinementThreads                  = 4                                         {product} {ergonomic}
   size_t G1HeapRegionSize                         = 2097152                                   {product} {ergonomic}
    uintx GCDrainStackTargetSize                   = 64                                        {product} {ergonomic}
   size_t InitialHeapSize                          = 268435456                                 {product} {ergonomic}
   size_t MarkStackSize                            = 4194304                                   {product} {ergonomic}
   size_t MaxHeapSize                              = 4273995776                                {product} {ergonomic}
   size_t MaxNewSize                               = 2562719744                                {product} {ergonomic}
   size_t MinHeapDeltaBytes                        = 2097152                                   {product} {ergonomic}
   size_t MinHeapSize                              = 8388608                                   {product} {ergonomic}
    uintx NonNMethodCodeHeapSize                   = 5832780                                {pd product} {ergonomic}
    uintx NonProfiledCodeHeapSize                  = 122912730                              {pd product} {ergonomic}
    uintx ProfiledCodeHeapSize                     = 122912730                              {pd product} {ergonomic}
    uintx ReservedCodeCacheSize                    = 251658240                              {pd product} {ergonomic}
     bool SegmentedCodeCache                       = true                                      {product} {ergonomic}
   size_t SoftMaxHeapSize                          = 4273995776                             {manageable} {ergonomic}
     bool UseCompressedClassPointers               = true                                 {lp64_product} {ergonomic}
     bool UseCompressedOops                        = true                                 {lp64_product} {ergonomic}
     bool UseG1GC                                  = true                                      {product} {ergonomic}
     bool UseLargePagesIndividualAllocation        = false                                  {pd product} {ergonomic}

Logging:
Log output configuration:
 #0: stdout all=warning uptime,level,tags
 #1: stderr all=off uptime,level,tags

Environment Variables:
PATH=C:\Python39\Scripts\;C:\Python39\;C:\Program Files\Common Files\Oracle\Java\javapath;C:\Program Files (x86)\Common Files\Oracle\Java\javapath;D:\Programy_Editory\WinAVR_20100110\bin;D:\Programy_Editory\WinAVR_20100110\utils\bin;C:\ProgramData\Oracle\Java\javapath;C:\Program Files (x86)\Intel\iCLS Client\;C:\Program Files\Intel\iCLS Client\;C:\WINDOWS\system32;C:\WINDOWS;C:\WINDOWS\System32\Wbem;C:\WINDOWS\System32\WindowsPowerShell\v1.0\;C:\Program Files (x86)\Lenovo\Password Manager\;C:\Program Files (x86)\Intel\Intel(R) Management Engine Components\DAL;C:\Program Files\Intel\Intel(R) Management Engine Components\DAL;C:\Program Files (x86)\Intel\Intel(R) Management Engine Components\IPT;C:\Program Files\Intel\Intel(R) Management Engine Components\IPT;C:\Program Files (x86)\Skype\Phone\;C:\Program Files\Microsoft SQL Server\130\Tools\Binn\;C:\Program Files\Git\cmd;C:\Program Files (x86)\Common Files\Acronis\SnapAPI\;C:\WINDOWS\system32\config\systemprofile\.dnx\bin;C:\Program Files\Microsoft DNX\Dnvm\;C:\Program Files\Microsoft SQL Server\120\Tools\Binn\;C:\Program Files\Microsoft SQL Server\110\Tools\Binn\;D:\Ne;C:\WINDOWS\System32\OpenSSH\;C:\Program Files\Intel\WiFi\bin\;C:\Program Files\Common Files\Intel\WirelessCommon\;D:\Netbeans\cygwin\bin;C:\Program Files\MATLAB\R2020b\runtime\win64;C:\Program Files\MATLAB\R2020b\bin;C;C:\ProgramData\chocolatey\bin;C:\Program Files\nodejs\;C:\Program Files\apache-maven-3.8.1-bin\apache-maven-3.8.1\bin;;C:\Program Files\Docker\Docker\resources\bin;C:\ProgramData\DockerDesktop\version-bin;C:\Users\admin\AppData\Local\Microsoft\WindowsApps;C:\Program Files\Intel\WiFi\bin\;C:\Program Files\Common Files\Intel\WirelessCommon\;C:\Users\admin\AppData\Roaming\npm;C:\Users\admin\AppData\Local\Programs\Microsoft VS Code\bin
USERNAME=admin
OS=Windows_NT
PROCESSOR_IDENTIFIER=Intel64 Family 6 Model 61 Stepping 4, GenuineIntel



---------------  S Y S T E M  ---------------

OS:
 Windows 10 , 64 bit Build 19041 (10.0.19041.928)
OS uptime: 1 days 5:35 hours
HyperV virtualization detected

CPU: total 4 (initial active 4) (2 cores per cpu, 2 threads per core) family 6 model 61 stepping 4 microcode 0x2f, cmov, cx8, fxsr, mmx, sse, sse2, sse3, ssse3, sse4.1, sse4.2, popcnt, vzeroupper, avx, avx2, aes, clmul, erms, 3dnowpref, lzcnt, ht, tsc, tscinvbit, bmi1, bmi2, adx, fma, clflush

Memory: 4k page, system-wide physical 16297M (3775M free)
TotalPageFile size 19377M (AvailPageFile size 3641M)
current process WorkingSet (physical memory assigned to process): 77M, peak: 77M
current process commit charge ("private bytes"): 356M, peak: 356M

vm_info: Java HotSpot(TM) 64-Bit Server VM (15.0.1+9-18) for windows-amd64 JRE (15.0.1+9-18), built on Sep 15 2020 14:43:54 by "mach5one" with unknown MS VC++:1925

END.
